<?xml version="1.0" encoding="UTF-8"?>
<testsuite xmlns:xsi="http://www.w3.org/2001/XMLSchema-instance" xsi:noNamespaceSchemaLocation="https://maven.apache.org/surefire/maven-surefire-plugin/xsd/surefire-test-report.xsd" name="test.TestDevice" time="3.044" tests="1" errors="1" skipped="0" failures="0">
  <properties>
    <property name="sun.desktop" value="windows"/>
    <property name="awt.toolkit" value="sun.awt.windows.WToolkit"/>
    <property name="file.encoding.pkg" value="sun.io"/>
    <property name="java.specification.version" value="1.8"/>
    <property name="sun.cpu.isalist" value="amd64"/>
    <property name="sun.jnu.encoding" value="GBK"/>
    <property name="java.class.path" value="D:\java\work\maven-webapp\target\test-classes;D:\java\work\maven-webapp\target\classes;D:\java\apache-maven\maven-repository\junit\junit\4.11\junit-4.11.jar;D:\java\apache-maven\maven-repository\org\hamcrest\hamcrest-core\1.3\hamcrest-core-1.3.jar;D:\java\apache-maven\maven-repository\org\springframework\spring-core\3.2.9.RELEASE\spring-core-3.2.9.RELEASE.jar;D:\java\apache-maven\maven-repository\commons-logging\commons-logging\1.1.3\commons-logging-1.1.3.jar;D:\java\apache-maven\maven-repository\org\springframework\spring-webmvc\3.2.9.RELEASE\spring-webmvc-3.2.9.RELEASE.jar;D:\java\apache-maven\maven-repository\org\springframework\spring-beans\3.2.9.RELEASE\spring-beans-3.2.9.RELEASE.jar;D:\java\apache-maven\maven-repository\org\springframework\spring-context\3.2.9.RELEASE\spring-context-3.2.9.RELEASE.jar;D:\java\apache-maven\maven-repository\org\springframework\spring-aop\3.2.9.RELEASE\spring-aop-3.2.9.RELEASE.jar;D:\java\apache-maven\maven-repository\aopalliance\aopalliance\1.0\aopalliance-1.0.jar;D:\java\apache-maven\maven-repository\org\springframework\spring-expression\3.2.9.RELEASE\spring-expression-3.2.9.RELEASE.jar;D:\java\apache-maven\maven-repository\org\springframework\spring-web\3.2.9.RELEASE\spring-web-3.2.9.RELEASE.jar;D:\java\apache-maven\maven-repository\org\springframework\spring-test\3.2.9.RELEASE\spring-test-3.2.9.RELEASE.jar;D:\java\apache-maven\maven-repository\org\mybatis\mybatis\3.1.1\mybatis-3.1.1.jar;D:\java\apache-maven\maven-repository\org\mybatis\mybatis-spring\1.1.1\mybatis-spring-1.1.1.jar;D:\java\apache-maven\maven-repository\org\springframework\spring-tx\3.1.1.RELEASE\spring-tx-3.1.1.RELEASE.jar;D:\java\apache-maven\maven-repository\org\springframework\spring-jdbc\3.1.1.RELEASE\spring-jdbc-3.1.1.RELEASE.jar;D:\java\apache-maven\maven-repository\mysql\mysql-connector-java\5.1.34\mysql-connector-java-5.1.34.jar;D:\java\apache-maven\maven-repository\c3p0\c3p0\0.9.1.2\c3p0-0.9.1.2.jar;D:\java\apache-maven\maven-repository\org\aspectj\aspectjweaver\1.8.1\aspectjweaver-1.8.1.jar;D:\java\apache-maven\maven-repository\javax\servlet\jstl\1.2\jstl-1.2.jar;D:\java\apache-maven\maven-repository\javax\servlet\servlet-api\3.0-alpha-1\servlet-api-3.0-alpha-1.jar;D:\java\apache-maven\maven-repository\javax\servlet\jsp\jsp-api\2.2\jsp-api-2.2.jar;D:\java\apache-maven\maven-repository\commons-fileupload\commons-fileupload\1.3.1\commons-fileupload-1.3.1.jar;D:\java\apache-maven\maven-repository\commons-io\commons-io\2.2\commons-io-2.2.jar;D:\java\apache-maven\maven-repository\commons-lang\commons-lang\2.6\commons-lang-2.6.jar;D:\java\apache-maven\maven-repository\commons-codec\commons-codec\1.9\commons-codec-1.9.jar;D:\java\apache-maven\maven-repository\org\apache\httpcomponents\httpclient\4.5\httpclient-4.5.jar;D:\java\apache-maven\maven-repository\org\apache\httpcomponents\httpcore\4.4.1\httpcore-4.4.1.jar;D:\java\apache-maven\maven-repository\org\slf4j\slf4j-api\1.7.10\slf4j-api-1.7.10.jar;D:\java\apache-maven\maven-repository\org\slf4j\slf4j-log4j12\1.7.10\slf4j-log4j12-1.7.10.jar;D:\java\apache-maven\maven-repository\log4j\log4j\1.2.17\log4j-1.2.17.jar;D:\java\apache-maven\maven-repository\com\alibaba\fastjson\1.1.41\fastjson-1.1.41.jar;D:\java\apache-maven\maven-repository\org\codehaus\jackson\jackson-mapper-asl\1.9.13\jackson-mapper-asl-1.9.13.jar;D:\java\apache-maven\maven-repository\org\codehaus\jackson\jackson-core-asl\1.9.13\jackson-core-asl-1.9.13.jar;"/>
    <property name="java.vm.vendor" value="Oracle Corporation"/>
    <property name="sun.arch.data.model" value="64"/>
    <property name="user.variant" value=""/>
    <property name="java.vendor.url" value="http://java.oracle.com/"/>
    <property name="user.timezone" value=""/>
    <property name="java.vm.specification.version" value="1.8"/>
    <property name="os.name" value="Windows 7"/>
    <property name="user.country" value="CN"/>
    <property name="sun.java.launcher" value="SUN_STANDARD"/>
    <property name="sun.boot.library.path" value="D:\java\jdk1.8\jre\bin"/>
    <property name="sun.java.command" value="C:\Users\ADMINI~1\AppData\Local\Temp\surefire7230341918933404851\surefirebooter2579741068936512195.jar C:\Users\Administrator\AppData\Local\Temp\surefire7230341918933404851 2018-08-25T14-26-08_342-jvmRun1 surefire3165500850754030567tmp surefire_01910744257308807502tmp"/>
    <property name="surefire.test.class.path" value="D:\java\work\maven-webapp\target\test-classes;D:\java\work\maven-webapp\target\classes;D:\java\apache-maven\maven-repository\junit\junit\4.11\junit-4.11.jar;D:\java\apache-maven\maven-repository\org\hamcrest\hamcrest-core\1.3\hamcrest-core-1.3.jar;D:\java\apache-maven\maven-repository\org\springframework\spring-core\3.2.9.RELEASE\spring-core-3.2.9.RELEASE.jar;D:\java\apache-maven\maven-repository\commons-logging\commons-logging\1.1.3\commons-logging-1.1.3.jar;D:\java\apache-maven\maven-repository\org\springframework\spring-webmvc\3.2.9.RELEASE\spring-webmvc-3.2.9.RELEASE.jar;D:\java\apache-maven\maven-repository\org\springframework\spring-beans\3.2.9.RELEASE\spring-beans-3.2.9.RELEASE.jar;D:\java\apache-maven\maven-repository\org\springframework\spring-context\3.2.9.RELEASE\spring-context-3.2.9.RELEASE.jar;D:\java\apache-maven\maven-repository\org\springframework\spring-aop\3.2.9.RELEASE\spring-aop-3.2.9.RELEASE.jar;D:\java\apache-maven\maven-repository\aopalliance\aopalliance\1.0\aopalliance-1.0.jar;D:\java\apache-maven\maven-repository\org\springframework\spring-expression\3.2.9.RELEASE\spring-expression-3.2.9.RELEASE.jar;D:\java\apache-maven\maven-repository\org\springframework\spring-web\3.2.9.RELEASE\spring-web-3.2.9.RELEASE.jar;D:\java\apache-maven\maven-repository\org\springframework\spring-test\3.2.9.RELEASE\spring-test-3.2.9.RELEASE.jar;D:\java\apache-maven\maven-repository\org\mybatis\mybatis\3.1.1\mybatis-3.1.1.jar;D:\java\apache-maven\maven-repository\org\mybatis\mybatis-spring\1.1.1\mybatis-spring-1.1.1.jar;D:\java\apache-maven\maven-repository\org\springframework\spring-tx\3.1.1.RELEASE\spring-tx-3.1.1.RELEASE.jar;D:\java\apache-maven\maven-repository\org\springframework\spring-jdbc\3.1.1.RELEASE\spring-jdbc-3.1.1.RELEASE.jar;D:\java\apache-maven\maven-repository\mysql\mysql-connector-java\5.1.34\mysql-connector-java-5.1.34.jar;D:\java\apache-maven\maven-repository\c3p0\c3p0\0.9.1.2\c3p0-0.9.1.2.jar;D:\java\apache-maven\maven-repository\org\aspectj\aspectjweaver\1.8.1\aspectjweaver-1.8.1.jar;D:\java\apache-maven\maven-repository\javax\servlet\jstl\1.2\jstl-1.2.jar;D:\java\apache-maven\maven-repository\javax\servlet\servlet-api\3.0-alpha-1\servlet-api-3.0-alpha-1.jar;D:\java\apache-maven\maven-repository\javax\servlet\jsp\jsp-api\2.2\jsp-api-2.2.jar;D:\java\apache-maven\maven-repository\commons-fileupload\commons-fileupload\1.3.1\commons-fileupload-1.3.1.jar;D:\java\apache-maven\maven-repository\commons-io\commons-io\2.2\commons-io-2.2.jar;D:\java\apache-maven\maven-repository\commons-lang\commons-lang\2.6\commons-lang-2.6.jar;D:\java\apache-maven\maven-repository\commons-codec\commons-codec\1.9\commons-codec-1.9.jar;D:\java\apache-maven\maven-repository\org\apache\httpcomponents\httpclient\4.5\httpclient-4.5.jar;D:\java\apache-maven\maven-repository\org\apache\httpcomponents\httpcore\4.4.1\httpcore-4.4.1.jar;D:\java\apache-maven\maven-repository\org\slf4j\slf4j-api\1.7.10\slf4j-api-1.7.10.jar;D:\java\apache-maven\maven-repository\org\slf4j\slf4j-log4j12\1.7.10\slf4j-log4j12-1.7.10.jar;D:\java\apache-maven\maven-repository\log4j\log4j\1.2.17\log4j-1.2.17.jar;D:\java\apache-maven\maven-repository\com\alibaba\fastjson\1.1.41\fastjson-1.1.41.jar;D:\java\apache-maven\maven-repository\org\codehaus\jackson\jackson-mapper-asl\1.9.13\jackson-mapper-asl-1.9.13.jar;D:\java\apache-maven\maven-repository\org\codehaus\jackson\jackson-core-asl\1.9.13\jackson-core-asl-1.9.13.jar;"/>
    <property name="sun.cpu.endian" value="little"/>
    <property name="user.home" value="C:\Users\Administrator"/>
    <property name="user.language" value="zh"/>
    <property name="java.specification.vendor" value="Oracle Corporation"/>
    <property name="java.home" value="D:\java\jdk1.8\jre"/>
    <property name="basedir" value="D:\java\work\maven-webapp"/>
    <property name="file.separator" value="\"/>
    <property name="line.separator" value="&#10;"/>
    <property name="java.vm.specification.vendor" value="Oracle Corporation"/>
    <property name="java.specification.name" value="Java Platform API Specification"/>
    <property name="java.awt.graphicsenv" value="sun.awt.Win32GraphicsEnvironment"/>
    <property name="surefire.real.class.path" value="C:\Users\ADMINI~1\AppData\Local\Temp\surefire7230341918933404851\surefirebooter2579741068936512195.jar"/>
    <property name="sun.boot.class.path" value="D:\java\jdk1.8\jre\lib\resources.jar;D:\java\jdk1.8\jre\lib\rt.jar;D:\java\jdk1.8\jre\lib\sunrsasign.jar;D:\java\jdk1.8\jre\lib\jsse.jar;D:\java\jdk1.8\jre\lib\jce.jar;D:\java\jdk1.8\jre\lib\charsets.jar;D:\java\jdk1.8\jre\lib\jfr.jar;D:\java\jdk1.8\jre\classes"/>
    <property name="user.script" value=""/>
    <property name="sun.management.compiler" value="HotSpot 64-Bit Tiered Compilers"/>
    <property name="java.runtime.version" value="1.8.0_121-b13"/>
    <property name="user.name" value="Administrator"/>
    <property name="path.separator" value=";"/>
    <property name="os.version" value="6.1"/>
    <property name="java.endorsed.dirs" value="D:\java\jdk1.8\jre\lib\endorsed"/>
    <property name="java.runtime.name" value="Java(TM) SE Runtime Environment"/>
    <property name="file.encoding" value="GBK"/>
    <property name="java.vm.name" value="Java HotSpot(TM) 64-Bit Server VM"/>
    <property name="localRepository" value="D:\java\apache-maven\maven-repository"/>
    <property name="java.vendor.url.bug" value="http://bugreport.sun.com/bugreport/"/>
    <property name="java.io.tmpdir" value="C:\Users\ADMINI~1\AppData\Local\Temp\"/>
    <property name="java.version" value="1.8.0_121"/>
    <property name="user.dir" value="D:\java\work\maven-webapp"/>
    <property name="os.arch" value="amd64"/>
    <property name="java.vm.specification.name" value="Java Virtual Machine Specification"/>
    <property name="java.awt.printerjob" value="sun.awt.windows.WPrinterJob"/>
    <property name="sun.os.patch.level" value="Service Pack 1"/>
    <property name="java.library.path" value="D:\java\jdk1.8\jre\bin;C:\Windows\Sun\Java\bin;C:\Windows\system32;C:\Windows;C:\Windows\system32;C:\Windows;C:\Windows\System32\Wbem;C:\Windows\System32\WindowsPowerShell\v1.0\;."/>
    <property name="java.vm.info" value="mixed mode"/>
    <property name="java.vendor" value="Oracle Corporation"/>
    <property name="java.vm.version" value="25.121-b13"/>
    <property name="java.ext.dirs" value="D:\java\jdk1.8\jre\lib\ext;C:\Windows\Sun\Java\lib\ext"/>
    <property name="sun.io.unicode.encoding" value="UnicodeLittle"/>
    <property name="java.class.version" value="52.0"/>
  </properties>
  <testcase name="test" classname="test.TestDevice" time="2.753">
    <error message="Mapped Statements collection does not contain value for com.myssm.dao.DeviceMapper.selectAllDevice" type="java.lang.IllegalArgumentException">java.lang.IllegalArgumentException: Mapped Statements collection does not contain value for com.myssm.dao.DeviceMapper.selectAllDevice
	at test.TestDevice.test(TestDevice.java:19)
</error>
    <system-err><![CDATA[log4j:WARN No appenders could be found for logger (org.springframework.test.context.junit4.SpringJUnit4ClassRunner).
log4j:WARN Please initialize the log4j system properly.
log4j:WARN See http://logging.apache.org/log4j/1.2/faq.html#noconfig for more info.
]]></system-err>
  </testcase>
</testsuite>